#
# There is insufficient memory for the Java Runtime Environment to continue.
# Native memory allocation (malloc) failed to allocate 1211056 bytes for Chunk::new
# Possible reasons:
#   The system is out of physical RAM or swap space
#   The process is running with CompressedOops enabled, and the Java Heap may be blocking the growth of the native heap
# Possible solutions:
#   Reduce memory load on the system
#   Increase physical memory or swap space
#   Check if swap backing store is full
#   Decrease Java heap size (-Xmx/-Xms)
#   Decrease number of Java threads
#   Decrease Java thread stack sizes (-Xss)
#   Set larger code cache with -XX:ReservedCodeCacheSize=
#   JVM is running with Unscaled Compressed Oops mode in which the Java heap is
#     placed in the first 4GB address space. The Java Heap base address is the
#     maximum limit for the native heap growth. Please use -XX:HeapBaseMinAddress
#     to set the Java Heap base and to place the Java Heap above 4GB virtual address.
# This output file may be truncated or incomplete.
#
#  Out of Memory Error (allocation.cpp:389), pid=3644, tid=0x00000000000020f4
#
# JRE version: OpenJDK Runtime Environment (8.0_202-b03) (build 1.8.0_202-release-1483-b03)
# Java VM: OpenJDK 64-Bit Server VM (25.202-b03 mixed mode windows-amd64 compressed oops)
# Failed to write core dump. Minidumps are not enabled by default on client versions of Windows
#

---------------  T H R E A D  ---------------

Current thread (0x0000000018dca000):  JavaThread "C2 CompilerThread0" daemon [_thread_in_native, id=8436, stack(0x000000001a510000,0x000000001a610000)]

Stack: [0x000000001a510000,0x000000001a610000]
[error occurred during error reporting (printing stack bounds), id 0xc0000005]

Native frames: (J=compiled Java code, j=interpreted, Vv=VM code, C=native code)


Current CompileTask:
C2:  88302 15346       4       com.android.tools.r8.ir.code.Phi::a (339 bytes)


---------------  P R O C E S S  ---------------

Java Threads: ( => current thread )
  0x000000001aa8b000 JavaThread "WorkerExecutor Queue" [_thread_blocked, id=2684, stack(0x00000000276b0000,0x00000000277b0000)]
  0x000000001aa85800 JavaThread "Cache worker for Java compile cache (C:\Users\HP\Desktop\AboutMe\.gradle\5.4.1\javaCompile)" [_thread_blocked, id=13840, stack(0x00000000271b0000,0x00000000272b0000)]
  0x000000001aa8a000 JavaThread "Cache worker for Java compile cache (C:\Users\HP\.gradle\caches\5.4.1\javaCompile)" [_thread_blocked, id=15184, stack(0x00000000270b0000,0x00000000271b0000)]
  0x000000001f22e000 JavaThread "Cache worker for execution history cache (C:\Users\HP\Desktop\AboutMe\.gradle\5.4.1\executionHistory)" [_thread_blocked, id=3272, stack(0x0000000026db0000,0x0000000026eb0000)]
  0x000000001f226800 JavaThread "Execution worker for ':' Thread 3" [_thread_blocked, id=2108, stack(0x0000000026ab0000,0x0000000026bb0000)]
  0x000000001f22d000 JavaThread "Execution worker for ':' Thread 2" [_thread_in_Java, id=12820, stack(0x00000000269b0000,0x0000000026ab0000)]
  0x000000001f22c800 JavaThread "Execution worker for ':'" [_thread_in_Java, id=13116, stack(0x00000000268b0000,0x00000000269b0000)]
  0x000000001f22b000 JavaThread "Cache worker for file content cache (C:\Users\HP\Desktop\AboutMe\.gradle\5.4.1\fileContent)" [_thread_blocked, id=12112, stack(0x00000000263b0000,0x00000000264b0000)]
  0x000000001f228000 JavaThread "Cache worker for file content cache (C:\Users\HP\.gradle\caches\5.4.1\fileContent)" [_thread_blocked, id=10108, stack(0x00000000262b0000,0x00000000263b0000)]
  0x000000001f21f000 JavaThread "Memory manager" [_thread_blocked, id=13244, stack(0x00000000261b0000,0x00000000262b0000)]
  0x000000001f229800 JavaThread "Cache worker for Build Output Cleanup Cache (C:\Users\HP\Desktop\AboutMe\.gradle\buildOutputCleanup)" [_thread_blocked, id=6412, stack(0x00000000243b0000,0x00000000244b0000)]
  0x000000001f22a000 JavaThread "pool-1-thread-1" [_thread_blocked, id=1192, stack(0x00000000240b0000,0x00000000241b0000)]
  0x000000001f220800 JavaThread "Build operations Thread 4" [_thread_blocked, id=11800, stack(0x00000000239b0000,0x0000000023ab0000)]
  0x000000001f225000 JavaThread "Build operations Thread 3" [_thread_blocked, id=4396, stack(0x00000000238b0000,0x00000000239b0000)]
  0x000000001f224000 JavaThread "Build operations Thread 2" [_thread_blocked, id=4952, stack(0x00000000237b0000,0x00000000238b0000)]
  0x000000001f222800 JavaThread "Build operations" [_thread_blocked, id=1788, stack(0x00000000236b0000,0x00000000237b0000)]
  0x000000001f225800 JavaThread "Cache worker for execution history cache (C:\Users\HP\.gradle\caches\5.4.1\executionHistory)" [_thread_blocked, id=10260, stack(0x00000000233b0000,0x00000000234b0000)]
  0x000000001f223800 JavaThread "Cache worker for cache directory md-rule (C:\Users\HP\.gradle\caches\5.4.1\md-rule)" [_thread_blocked, id=7568, stack(0x00000000232b0000,0x00000000233b0000)]
  0x000000001f21f800 JavaThread "Cache worker for cache directory md-supplier (C:\Users\HP\.gradle\caches\5.4.1\md-supplier)" [_thread_blocked, id=1464, stack(0x0000000021710000,0x0000000021810000)]
  0x000000001b41e800 JavaThread "Cache worker for file hash cache (C:\Users\HP\Desktop\AboutMe\.gradle\5.4.1\fileHashes)" [_thread_blocked, id=1664, stack(0x0000000021610000,0x0000000021710000)]
  0x000000001b424800 JavaThread "Cache worker for journal cache (C:\Users\HP\.gradle\caches\journal-1)" [_thread_blocked, id=14544, stack(0x000000001edd0000,0x000000001eed0000)]
  0x000000001b423800 JavaThread "File lock request listener" [_thread_in_native, id=14504, stack(0x000000001ebd0000,0x000000001ecd0000)]
  0x000000001c68a000 JavaThread "Cache worker for file hash cache (C:\Users\HP\.gradle\caches\5.4.1\fileHashes)" [_thread_blocked, id=10904, stack(0x000000001ead0000,0x000000001ebd0000)]
  0x000000001ba47000 JavaThread "Thread-9" [_thread_blocked, id=2368, stack(0x000000001e9d0000,0x000000001ead0000)]
  0x000000001c2e6800 JavaThread "Asynchronous log dispatcher for DefaultDaemonConnection: socket connection from /127.0.0.1:1124 to /127.0.0.1:1125" [_thread_blocked, id=7364, stack(0x000000001e7d0000,0x000000001e8d0000)]
  0x000000001ba5a000 JavaThread "Daemon worker" [_thread_in_Java, id=9284, stack(0x000000001e6d0000,0x000000001e7d0000)]
  0x000000001c26e800 JavaThread "Cancel handler" [_thread_blocked, id=6080, stack(0x000000001e5d0000,0x000000001e6d0000)]
  0x000000001bcd5000 JavaThread "Handler for socket connection from /127.0.0.1:1124 to /127.0.0.1:1125" [_thread_in_native, id=14720, stack(0x000000001e2d0000,0x000000001e3d0000)]
  0x000000001bcd2000 JavaThread "Daemon" [_thread_blocked, id=10212, stack(0x000000001e1d0000,0x000000001e2d0000)]
  0x000000001b9fa800 JavaThread "Daemon periodic checks" [_thread_blocked, id=9476, stack(0x000000001e0d0000,0x000000001e1d0000)]
  0x000000001b806000 JavaThread "Incoming local TCP Connector on port 1124" [_thread_in_native, id=13128, stack(0x000000001dbf0000,0x000000001dcf0000)]
  0x000000001bbd7800 JavaThread "Daemon health stats" [_thread_blocked, id=8916, stack(0x000000001d5b0000,0x000000001d6b0000)]
  0x000000001a838800 JavaThread "Service Thread" daemon [_thread_blocked, id=5156, stack(0x000000001ac10000,0x000000001ad10000)]
  0x0000000018dd7800 JavaThread "C1 CompilerThread2" daemon [_thread_blocked, id=14316, stack(0x000000001a710000,0x000000001a810000)]
  0x0000000018dd0000 JavaThread "C2 CompilerThread1" daemon [_thread_in_native, id=15180, stack(0x000000001a610000,0x000000001a710000)]
=>0x0000000018dca000 JavaThread "C2 CompilerThread0" daemon [_thread_in_native, id=8436, stack(0x000000001a510000,0x000000001a610000)]
  0x0000000018dd6000 JavaThread "Attach Listener" daemon [_thread_blocked, id=10248, stack(0x000000001a410000,0x000000001a510000)]
  0x0000000018dd4800 JavaThread "Signal Dispatcher" daemon [_thread_blocked, id=3328, stack(0x000000001a310000,0x000000001a410000)]
  0x000000000545b000 JavaThread "Finalizer" daemon [_thread_blocked, id=868, stack(0x000000001a020000,0x000000001a120000)]
  0x0000000018db9000 JavaThread "Reference Handler" daemon [_thread_blocked, id=8260, stack(0x0000000019f20000,0x000000001a020000)]
  0x000000000516d800 JavaThread "main" [_thread_blocked, id=7008, stack(0x0000000005260000,0x0000000005360000)]

Other Threads:
  0x0000000018d96000 VMThread [stack: 0x0000000019e20000,0x0000000019f20000] [id=4008]
  0x000000001a839000 WatcherThread [stack: 0x000000001ad10000,0x000000001ae10000] [id=8732]

VM state:not at safepoint (normal execution)

VM Mutex/Monitor currently owned by a thread: None

heap address: 0x00000000a0000000, size: 1536 MB, Compressed Oops mode: 32-bit
Narrow klass base: 0x0000000000000000, Narrow klass shift: 3
Compressed class space size: 1073741824 Address: 0x0000000100000000

Heap:
 PSYoungGen      total 302592K, used 36005K [0x00000000e0000000, 0x00000000f6e00000, 0x0000000100000000)
  eden space 278016K, 5% used [0x00000000e0000000,0x00000000e0e7bad0,0x00000000f0f80000)
  from space 24576K, 86% used [0x00000000f5600000,0x00000000f6aadc08,0x00000000f6e00000)
  to   space 25600K, 0% used [0x00000000f0f80000,0x00000000f0f80000,0x00000000f2880000)
 ParOldGen       total 89600K, used 47897K [0x00000000a0000000, 0x00000000a5780000, 0x00000000e0000000)
  object space 89600K, 53% used [0x00000000a0000000,0x00000000a2ec6518,0x00000000a5780000)
 Metaspace       used 82869K, capacity 86296K, committed 86440K, reserved 1124352K
  class space    used 10931K, capacity 11595K, committed 11688K, reserved 1048576K

Card table byte_map: [0x0000000014820000,0x0000000014b30000] byte_map_base: 0x0000000014320000

Marking Bits: (ParMarkBitMap*) 0x00000000697f9f30
 Begin Bits: [0x0000000015130000, 0x0000000016930000)
 End Bits:   [0x0000000016930000, 0x0000000018130000)

Polling page: 0x00000000034c0000

CodeCache: size=245760Kb used=42655Kb max_used=42656Kb free=203104Kb
 bounds [0x0000000005460000, 0x0000000007e50000, 0x0000000014460000]
 total_blobs=13589 nmethods=12747 adapters=755
 compilation: enabled

Compilation events (10 events):
Event: 87.896 Thread 0x0000000018dd7800 15378 %     3       com.android.tools.r8.ir.conversion.X::b @ 101 (510 bytes)
Event: 87.904 Thread 0x0000000018dd7800 nmethod 15378% 0x00000000072eb190 code [0x00000000072eb7c0, 0x00000000072ef6b8]
Event: 87.932 Thread 0x0000000018dd7800 15379       3       com.android.tools.r8.ir.conversion.X::b (510 bytes)
Event: 87.938 Thread 0x0000000018dd7800 nmethod 15379 0x0000000006caaa10 code [0x0000000006cab040, 0x0000000006caee78]
Event: 87.942 Thread 0x0000000018dd7800 15380       3       com.android.tools.r8.graph.DexString::k (252 bytes)
Event: 87.944 Thread 0x0000000018dd7800 nmethod 15380 0x00000000074a3f50 code [0x00000000074a4140, 0x00000000074a4a58]
Event: 88.069 Thread 0x0000000018dd7800 15381       1       com.android.tools.r8.ir.code.Cmp::G1 (4 bytes)
Event: 88.069 Thread 0x0000000018dd7800 nmethod 15381 0x00000000072eae90 code [0x00000000072eafe0, 0x00000000072eb0f0]
Event: 88.219 Thread 0x0000000018dd7800 15383       2       com.android.tools.r8.ir.regalloc.LinearScanRegisterAllocator::splitOverlappingInactiveIntervals (192 bytes)
Event: 88.222 Thread 0x0000000018dd7800 nmethod 15383 0x0000000006d0a510 code [0x0000000006d0a7a0, 0x0000000006d0b068]

GC Heap History (10 events):
Event: 65.411 GC heap before
{Heap before GC invocations=19 (full 3):
 PSYoungGen      total 216064K, used 211071K [0x00000000e0000000, 0x00000000f1500000, 0x0000000100000000)
  eden space 197120K, 100% used [0x00000000e0000000,0x00000000ec080000,0x00000000ec080000)
  from space 18944K, 73% used [0x00000000ec080000,0x00000000ece1fff8,0x00000000ed300000)
  to   space 19968K, 0% used [0x00000000f0180000,0x00000000f0180000,0x00000000f1500000)
 ParOldGen       total 89600K, used 36182K [0x00000000a0000000, 0x00000000a5780000, 0x00000000e0000000)
  object space 89600K, 40% used [0x00000000a0000000,0x00000000a23559a0,0x00000000a5780000)
 Metaspace       used 71083K, capacity 73324K, committed 73512K, reserved 1112064K
  class space    used 9437K, capacity 9913K, committed 10024K, reserved 1048576K
Event: 65.478 GC heap after
Heap after GC invocations=19 (full 3):
 PSYoungGen      total 260608K, used 19944K [0x00000000e0000000, 0x00000000f1b80000, 0x0000000100000000)
  eden space 240640K, 0% used [0x00000000e0000000,0x00000000e0000000,0x00000000eeb00000)
  from space 19968K, 99% used [0x00000000f0180000,0x00000000f14fa160,0x00000000f1500000)
  to   space 23040K, 0% used [0x00000000eeb00000,0x00000000eeb00000,0x00000000f0180000)
 ParOldGen       total 89600K, used 36294K [0x00000000a0000000, 0x00000000a5780000, 0x00000000e0000000)
  object space 89600K, 40% used [0x00000000a0000000,0x00000000a23719a0,0x00000000a5780000)
 Metaspace       used 71083K, capacity 73324K, committed 73512K, reserved 1112064K
  class space    used 9437K, capacity 9913K, committed 10024K, reserved 1048576K
}
Event: 75.190 GC heap before
{Heap before GC invocations=20 (full 3):
 PSYoungGen      total 260608K, used 260584K [0x00000000e0000000, 0x00000000f1b80000, 0x0000000100000000)
  eden space 240640K, 100% used [0x00000000e0000000,0x00000000eeb00000,0x00000000eeb00000)
  from space 19968K, 99% used [0x00000000f0180000,0x00000000f14fa160,0x00000000f1500000)
  to   space 23040K, 0% used [0x00000000eeb00000,0x00000000eeb00000,0x00000000f0180000)
 ParOldGen       total 89600K, used 36294K [0x00000000a0000000, 0x00000000a5780000, 0x00000000e0000000)
  object space 89600K, 40% used [0x00000000a0000000,0x00000000a23719a0,0x00000000a5780000)
 Metaspace       used 79753K, capacity 82994K, committed 83112K, reserved 1120256K
  class space    used 10724K, capacity 11378K, committed 11432K, reserved 1048576K
Event: 75.270 GC heap after
Heap after GC invocations=20 (full 3):
 PSYoungGen      total 263680K, used 22333K [0x00000000e0000000, 0x00000000f4300000, 0x0000000100000000)
  eden space 240640K, 0% used [0x00000000e0000000,0x00000000e0000000,0x00000000eeb00000)
  from space 23040K, 96% used [0x00000000eeb00000,0x00000000f00cf6d0,0x00000000f0180000)
  to   space 26112K, 0% used [0x00000000f2980000,0x00000000f2980000,0x00000000f4300000)
 ParOldGen       total 89600K, used 47873K [0x00000000a0000000, 0x00000000a5780000, 0x00000000e0000000)
  object space 89600K, 53% used [0x00000000a0000000,0x00000000a2ec0518,0x00000000a5780000)
 Metaspace       used 79753K, capacity 82994K, committed 83112K, reserved 1120256K
  class space    used 10724K, capacity 11378K, committed 11432K, reserved 1048576K
}
Event: 81.511 GC heap before
{Heap before GC invocations=21 (full 3):
 PSYoungGen      total 263680K, used 262973K [0x00000000e0000000, 0x00000000f4300000, 0x0000000100000000)
  eden space 240640K, 100% used [0x00000000e0000000,0x00000000eeb00000,0x00000000eeb00000)
  from space 23040K, 96% used [0x00000000eeb00000,0x00000000f00cf6d0,0x00000000f0180000)
  to   space 26112K, 0% used [0x00000000f2980000,0x00000000f2980000,0x00000000f4300000)
 ParOldGen       total 89600K, used 47873K [0x00000000a0000000, 0x00000000a5780000, 0x00000000e0000000)
  object space 89600K, 53% used [0x00000000a0000000,0x00000000a2ec0518,0x00000000a5780000)
 Metaspace       used 82267K, capacity 85622K, committed 85928K, reserved 1124352K
  class space    used 10899K, capacity 11586K, committed 11688K, reserved 1048576K
Event: 81.559 GC heap after
Heap after GC invocations=21 (full 3):
 PSYoungGen      total 302592K, used 14510K [0x00000000e0000000, 0x00000000f4180000, 0x0000000100000000)
  eden space 278016K, 0% used [0x00000000e0000000,0x00000000e0000000,0x00000000f0f80000)
  from space 24576K, 59% used [0x00000000f2980000,0x00000000f37abb10,0x00000000f4180000)
  to   space 25600K, 0% used [0x00000000f0f80000,0x00000000f0f80000,0x00000000f2880000)
 ParOldGen       total 89600K, used 47881K [0x00000000a0000000, 0x00000000a5780000, 0x00000000e0000000)
  object space 89600K, 53% used [0x00000000a0000000,0x00000000a2ec2518,0x00000000a5780000)
 Metaspace       used 82267K, capacity 85622K, committed 85928K, reserved 1124352K
  class space    used 10899K, capacity 11586K, committed 11688K, reserved 1048576K
}
Event: 85.708 GC heap before
{Heap before GC invocations=22 (full 3):
 PSYoungGen      total 302592K, used 292526K [0x00000000e0000000, 0x00000000f4180000, 0x0000000100000000)
  eden space 278016K, 100% used [0x00000000e0000000,0x00000000f0f80000,0x00000000f0f80000)
  from space 24576K, 59% used [0x00000000f2980000,0x00000000f37abb10,0x00000000f4180000)
  to   space 25600K, 0% used [0x00000000f0f80000,0x00000000f0f80000,0x00000000f2880000)
 ParOldGen       total 89600K, used 47881K [0x00000000a0000000, 0x00000000a5780000, 0x00000000e0000000)
  object space 89600K, 53% used [0x00000000a0000000,0x00000000a2ec2518,0x00000000a5780000)
 Metaspace       used 82621K, capacity 86060K, committed 86184K, reserved 1124352K
  class space    used 10913K, capacity 11589K, committed 11688K, reserved 1048576K
Event: 85.769 GC heap after
Heap after GC invocations=22 (full 3):
 PSYoungGen      total 303616K, used 12245K [0x00000000e0000000, 0x00000000f6e00000, 0x0000000100000000)
  eden space 278016K, 0% used [0x00000000e0000000,0x00000000e0000000,0x00000000f0f80000)
  from space 25600K, 47% used [0x00000000f0f80000,0x00000000f1b75680,0x00000000f2880000)
  to   space 24576K, 0% used [0x00000000f5600000,0x00000000f5600000,0x00000000f6e00000)
 ParOldGen       total 89600K, used 47889K [0x00000000a0000000, 0x00000000a5780000, 0x00000000e0000000)
  object space 89600K, 53% used [0x00000000a0000000,0x00000000a2ec4518,0x00000000a5780000)
 Metaspace       used 82621K, capacity 86060K, committed 86184K, reserved 1124352K
  class space    used 10913K, capacity 11589K, committed 11688K, reserved 1048576K
}
Event: 87.968 GC heap before
{Heap before GC invocations=23 (full 3):
 PSYoungGen      total 303616K, used 290261K [0x00000000e0000000, 0x00000000f6e00000, 0x0000000100000000)
  eden space 278016K, 100% used [0x00000000e0000000,0x00000000f0f80000,0x00000000f0f80000)
  from space 25600K, 47% used [0x00000000f0f80000,0x00000000f1b75680,0x00000000f2880000)
  to   space 24576K, 0% used [0x00000000f5600000,0x00000000f5600000,0x00000000f6e00000)
 ParOldGen       total 89600K, used 47889K [0x00000000a0000000, 0x00000000a5780000, 0x00000000e0000000)
  object space 89600K, 53% used [0x00000000a0000000,0x00000000a2ec4518,0x00000000a5780000)
 Metaspace       used 82865K, capacity 86296K, committed 86440K, reserved 1124352K
  class space    used 10931K, capacity 11595K, committed 11688K, reserved 1048576K
Event: 88.053 GC heap after
Heap after GC invocations=23 (full 3):
 PSYoungGen      total 302592K, used 21175K [0x00000000e0000000, 0x00000000f6e00000, 0x0000000100000000)
  eden space 278016K, 0% used [0x00000000e0000000,0x00000000e0000000,0x00000000f0f80000)
  from space 24576K, 86% used [0x00000000f5600000,0x00000000f6aadc08,0x00000000f6e00000)
  to   space 25600K, 0% used [0x00000000f0f80000,0x00000000f0f80000,0x00000000f2880000)
 ParOldGen       total 89600K, used 47897K [0x00000000a0000000, 0x00000000a5780000, 0x00000000e0000000)
  object space 89600K, 53% used [0x00000000a0000000,0x00000000a2ec6518,0x00000000a5780000)
 Metaspace       used 82865K, capacity 86296K, committed 86440K, reserved 1124352K
  class space    used 10931K, capacity 11595K, committed 11688K, reserved 1048576K
}

Deoptimization events (10 events):
Event: 86.584 Thread 0x000000001ba5a000 Uncommon trap: reason=bimorphic action=maybe_recompile pc=0x00000000072e3bf8 method=java.io.BufferedOutputStream.flush()V @ 8
Event: 86.596 Thread 0x000000001f22c800 Uncommon trap: reason=unstable_if action=reinterpret pc=0x0000000007d9ec08 method=com.android.tools.r8.ir.regalloc.LinearScanRegisterAllocator.a(Lcom/android/tools/r8/ir/regalloc/LinearScanRegisterAllocator$a;Z)Lcom/android/tools/r8/ir/regalloc/LinearScan
Event: 86.676 Thread 0x000000001f226800 Uncommon trap: reason=unstable_if action=reinterpret pc=0x0000000006efa7e4 method=com.android.tools.r8.n.a.a.a.g.B0$e.contains(Ljava/lang/Object;)Z @ 124
Event: 86.700 Thread 0x000000001ba5a000 Uncommon trap: reason=unstable_if action=reinterpret pc=0x00000000068e815c method=com.google.common.collect.MapMakerInternalMap$Segment.getEntry(Ljava/lang/Object;I)Lcom/google/common/collect/MapMakerInternalMap$InternalEntry; @ 40
Event: 86.865 Thread 0x000000001f226800 Uncommon trap: reason=unstable_if action=reinterpret pc=0x0000000007b41a6c method=com.android.tools.r8.ir.code.Value.q()Lcom/android/tools/r8/ir/code/Value; @ 4
Event: 87.298 Thread 0x000000001ba5a000 Uncommon trap: reason=unstable_if action=reinterpret pc=0x0000000006fcdf84 method=com.android.tools.r8.t.a.a.f.a(II[C)Ljava/lang/String; @ 32
Event: 87.298 Thread 0x000000001ba5a000 Uncommon trap: reason=unstable_if action=reinterpret pc=0x0000000006e5aeb8 method=com.android.tools.r8.graph.DexString.<init>(Ljava/lang/String;)V @ 39
Event: 87.413 Thread 0x000000001ba5a000 Uncommon trap: reason=unstable_if action=reinterpret pc=0x0000000006f404a4 method=com.android.tools.r8.t.a.a.f.a(II[C)Ljava/lang/String; @ 32
Event: 87.416 Thread 0x000000001ba5a000 Uncommon trap: reason=unstable_if action=reinterpret pc=0x0000000006ee7600 method=com.android.tools.r8.t.a.a.f.a(II[C)Ljava/lang/String; @ 32
Event: 87.768 Thread 0x000000001ba5a000 Uncommon trap: reason=unstable_if action=reinterpret pc=0x0000000006edb6bc method=com.android.tools.r8.graph.DexString.k()Ljava/lang/String; @ 56

Classes redefined (0 events):
No events

Internal exceptions (10 events):
Event: 86.088 Thread 0x000000001ba5a000 Exception <a 'sun/nio/fs/WindowsException'> (0x00000000e2feaef0) thrown at [D:\src\AOSP-openjdk-cygwin\jdk8u\hotspot\src\share\vm\prims\jni.cpp, line 710]
Event: 86.089 Thread 0x000000001ba5a000 Exception <a 'sun/nio/fs/WindowsException'> (0x00000000e2fed470) thrown at [D:\src\AOSP-openjdk-cygwin\jdk8u\hotspot\src\share\vm\prims\jni.cpp, line 710]
Event: 86.089 Thread 0x000000001ba5a000 Exception <a 'sun/nio/fs/WindowsException'> (0x00000000e2feee10) thrown at [D:\src\AOSP-openjdk-cygwin\jdk8u\hotspot\src\share\vm\prims\jni.cpp, line 710]
Event: 86.163 Thread 0x000000001ba5a000 Implicit null exception at 0x0000000007315114 to 0x00000000073151bd
Event: 86.700 Thread 0x000000001ba5a000 Implicit null exception at 0x00000000068e7e45 to 0x00000000068e813d
Event: 86.883 Thread 0x000000001f22d000 Exception <a 'sun/nio/fs/WindowsException'> (0x00000000e7894198) thrown at [D:\src\AOSP-openjdk-cygwin\jdk8u\hotspot\src\share\vm\prims\jni.cpp, line 710]
Event: 87.006 Thread 0x000000001f22d000 Exception <a 'sun/nio/fs/WindowsException'> (0x00000000e8e74d58) thrown at [D:\src\AOSP-openjdk-cygwin\jdk8u\hotspot\src\share\vm\prims\jni.cpp, line 710]
Event: 87.181 Thread 0x000000001ba5a000 Exception <a 'sun/nio/fs/WindowsException'> (0x00000000e9b68318) thrown at [D:\src\AOSP-openjdk-cygwin\jdk8u\hotspot\src\share\vm\prims\jni.cpp, line 710]
Event: 87.233 Thread 0x000000001f226800 Exception <a 'sun/nio/fs/WindowsException'> (0x00000000ea99d850) thrown at [D:\src\AOSP-openjdk-cygwin\jdk8u\hotspot\src\share\vm\prims\jni.cpp, line 710]
Event: 87.370 Thread 0x000000001f226800 Exception <a 'sun/nio/fs/WindowsException'> (0x00000000eb890d10) thrown at [D:\src\AOSP-openjdk-cygwin\jdk8u\hotspot\src\share\vm\prims\jni.cpp, line 710]

Events (10 events):
Event: 87.964 Executing VM operation: ParallelGCFailedAllocation
Event: 88.053 Executing VM operation: ParallelGCFailedAllocation done
Event: 88.054 Executing VM operation: RevokeBias
Event: 88.055 Executing VM operation: RevokeBias done
Event: 88.148 Thread 0x000000001f226800 DEOPT PACKING pc=0x0000000007debe0a sp=0x0000000026baa5a0
Event: 88.148 Thread 0x000000001f226800 DEOPT UNPACKING pc=0x00000000054a71d0 sp=0x0000000026baa388 mode 0
Event: 88.207 Thread 0x000000001f226800 DEOPT PACKING pc=0x0000000007df8d76 sp=0x0000000026baa420
Event: 88.207 Thread 0x000000001f226800 DEOPT UNPACKING pc=0x00000000054a71d0 sp=0x0000000026baa1a8 mode 0
Event: 88.208 Thread 0x000000001f226800 DEOPT PACKING pc=0x0000000007df8d51 sp=0x0000000026baa420
Event: 88.208 Thread 0x000000001f226800 DEOPT UNPACKING pc=0x00000000054a71d0 sp=0x0000000026baa1b0 mode 0


Dynamic libraries:
0x00007ff6fbcb0000 - 0x00007ff6fbce1000 	C:\Program Files\Android\Android Studio\jre\bin\java.exe
0x00007fffcbd00000 - 0x00007fffcbee0000 	C:\WINDOWS\SYSTEM32\ntdll.dll
0x00007fffc9470000 - 0x00007fffc951e000 	C:\WINDOWS\System32\KERNEL32.DLL
0x00007fffc8380000 - 0x00007fffc85e6000 	C:\WINDOWS\System32\KERNELBASE.dll
0x00007fffc9610000 - 0x00007fffc96b1000 	C:\WINDOWS\System32\ADVAPI32.dll
0x00007fffca110000 - 0x00007fffca1ad000 	C:\WINDOWS\System32\msvcrt.dll
0x00007fffc9cd0000 - 0x00007fffc9d2b000 	C:\WINDOWS\System32\sechost.dll
0x00007fffcb970000 - 0x00007fffcba8f000 	C:\WINDOWS\System32\RPCRT4.dll
0x00007fffcbb40000 - 0x00007fffcbccf000 	C:\WINDOWS\System32\USER32.dll
0x00007fffc8dc0000 - 0x00007fffc8de0000 	C:\WINDOWS\System32\win32u.dll
0x00007fffc9330000 - 0x00007fffc9358000 	C:\WINDOWS\System32\GDI32.dll
0x00007fffc8e30000 - 0x00007fffc8fc3000 	C:\WINDOWS\System32\gdi32full.dll
0x00007fffc90d0000 - 0x00007fffc916b000 	C:\WINDOWS\System32\msvcp_win.dll
0x00007fffc8fd0000 - 0x00007fffc90c6000 	C:\WINDOWS\System32\ucrtbase.dll
0x00007fffb9e30000 - 0x00007fffba099000 	C:\WINDOWS\WinSxS\amd64_microsoft.windows.common-controls_6595b64144ccf1df_6.0.16299.125_none_15cbcf8893620c09\COMCTL32.dll
0x00007fffc9d30000 - 0x00007fffca038000 	C:\WINDOWS\System32\combase.dll
0x00007fffc8d40000 - 0x00007fffc8db2000 	C:\WINDOWS\System32\bcryptPrimitives.dll
0x00007fffcba90000 - 0x00007fffcbabd000 	C:\WINDOWS\System32\IMM32.DLL
0x0000000068f50000 - 0x0000000069022000 	C:\Program Files\Android\Android Studio\jre\jre\bin\msvcr100.dll
0x0000000069030000 - 0x0000000069876000 	C:\Program Files\Android\Android Studio\jre\jre\bin\server\jvm.dll
0x00007fffc91d0000 - 0x00007fffc91d8000 	C:\WINDOWS\System32\PSAPI.DLL
0x00007fffc3640000 - 0x00007fffc3649000 	C:\WINDOWS\SYSTEM32\WSOCK32.dll
0x00007fffbda70000 - 0x00007fffbda7a000 	C:\WINDOWS\SYSTEM32\VERSION.dll
0x00007fffc45c0000 - 0x00007fffc45e3000 	C:\WINDOWS\SYSTEM32\WINMM.dll
0x00007fffc95a0000 - 0x00007fffc960c000 	C:\WINDOWS\System32\WS2_32.dll
0x00007fffc4590000 - 0x00007fffc45ba000 	C:\WINDOWS\SYSTEM32\winmmbase.dll
0x00007fffc8de0000 - 0x00007fffc8e2a000 	C:\WINDOWS\System32\cfgmgr32.dll
0x00007fffc2370000 - 0x00007fffc237f000 	C:\Program Files\Android\Android Studio\jre\jre\bin\verify.dll
0x00007fffb9790000 - 0x00007fffb97b9000 	C:\Program Files\Android\Android Studio\jre\jre\bin\java.dll
0x00007fffba540000 - 0x00007fffba556000 	C:\Program Files\Android\Android Studio\jre\jre\bin\zip.dll
0x00007fffca530000 - 0x00007fffcb966000 	C:\WINDOWS\System32\SHELL32.dll
0x00007fffc97d0000 - 0x00007fffc9876000 	C:\WINDOWS\System32\shcore.dll
0x00007fffc85f0000 - 0x00007fffc8d37000 	C:\WINDOWS\System32\windows.storage.dll
0x00007fffca360000 - 0x00007fffca3b1000 	C:\WINDOWS\System32\shlwapi.dll
0x00007fffc80e0000 - 0x00007fffc80f1000 	C:\WINDOWS\System32\kernel.appcore.dll
0x00007fffc8050000 - 0x00007fffc809c000 	C:\WINDOWS\System32\powrprof.dll
0x00007fffc80c0000 - 0x00007fffc80db000 	C:\WINDOWS\System32\profapi.dll
0x00007fffb8280000 - 0x00007fffb829a000 	C:\Program Files\Android\Android Studio\jre\jre\bin\net.dll
0x00007fffc78e0000 - 0x00007fffc7946000 	C:\WINDOWS\system32\mswsock.dll
0x00007fffb7840000 - 0x00007fffb7851000 	C:\Program Files\Android\Android Studio\jre\jre\bin\nio.dll
0x00007fffb35d0000 - 0x00007fffb35f6000 	C:\Users\HP\.gradle\native\29\windows-amd64\native-platform.dll
0x00007fffbba30000 - 0x00007fffbba3d000 	C:\Program Files\Android\Android Studio\jre\jre\bin\management.dll
0x00007fffc7aa0000 - 0x00007fffc7ab7000 	C:\WINDOWS\SYSTEM32\CRYPTSP.dll
0x00007fffc74f0000 - 0x00007fffc7523000 	C:\WINDOWS\system32\rsaenh.dll
0x00007fffc7bb0000 - 0x00007fffc7bd5000 	C:\WINDOWS\SYSTEM32\bcrypt.dll
0x00007fffc7f80000 - 0x00007fffc7fa9000 	C:\WINDOWS\SYSTEM32\USERENV.dll
0x00007fffc7ac0000 - 0x00007fffc7acb000 	C:\WINDOWS\SYSTEM32\CRYPTBASE.dll
0x00007fffc7670000 - 0x00007fffc76a9000 	C:\WINDOWS\SYSTEM32\IPHLPAPI.DLL
0x00007fffca350000 - 0x00007fffca358000 	C:\WINDOWS\System32\NSI.dll
0x00007fffc1f30000 - 0x00007fffc1f46000 	C:\WINDOWS\SYSTEM32\dhcpcsvc6.DLL
0x00007fffc1f10000 - 0x00007fffc1f2a000 	C:\WINDOWS\SYSTEM32\dhcpcsvc.DLL

VM Arguments:
jvm_args: -Xmx1536m -Dfile.encoding=windows-1252 -Duser.country=US -Duser.language=en -Duser.variant 
java_command: org.gradle.launcher.daemon.bootstrap.GradleDaemon 5.4.1
java_class_path (initial): C:\Users\HP\.gradle\wrapper\dists\gradle-5.4.1-all\3221gyojl5jsh0helicew7rwx\gradle-5.4.1\lib\gradle-launcher-5.4.1.jar
Launcher Type: SUN_STANDARD

Environment Variables:
PATH=C:\Program Files (x86)\Common Files\Oracle\Java\javapath;C:\Program Files (x86)\Common Files\Intel\Shared Files\cpp\bin\Intel64;C:\ProgramData\Oracle\Java\javapath;C:\WINDOWS\system32;C:\WINDOWS;C:\WINDOWS\System32\Wbem;C:\WINDOWS\System32\WindowsPowerShell\v1.0\;C:\WINDOWS\system32\config\systemprofile\.dnx\bin;C:\Program Files\Microsoft DNX\Dnvm\;C:\Program Files\Microsoft SQL Server\120\Tools\Binn\;C:\Program Files\Java\jdk1.8.0_131\bin;C:\Program Files\Calibre2\;C:\Program Files\Git\cmd;C:\Users\HP\AppData\Local\Microsoft\WindowsApps;
USERNAME=HP
OS=Windows_NT
PROCESSOR_IDENTIFIER=Intel64 Family 6 Model 37 Stepping 5, GenuineIntel



---------------  S Y S T E M  ---------------

OS: Windows 10.0 , 64 bit Build 16299 (10.0.16299.15)

CPU:total 4 (initial active 4) (2 cores per cpu, 2 threads per core) family 6 model 37 stepping 5, cmov, cx8, fxsr, mmx, sse, sse2, sse3, ssse3, sse4.1, sse4.2, popcnt, aes, clmul, ht, tsc, tscinvbit

Memory: 4k page, physical 4052816k(499664k free), swap 7616324k(7392k free)

vm_info: OpenJDK 64-Bit Server VM (25.202-b03) for windows-amd64 JRE (1.8.0_202-release-1483-b03), built by "builder" with MS VC++ 10.0 (VS2010)

time: Fri Feb 26 16:03:51 2021
timezone: W. Central Africa Standard Time
elapsed time: 88 seconds (0d 0h 1m 28s)

