#
# There is insufficient memory for the Java Runtime Environment to continue.
# Native memory allocation (malloc) failed to allocate 1021136 bytes for Chunk::new
# Possible reasons:
#   The system is out of physical RAM or swap space
#   The process is running with CompressedOops enabled, and the Java Heap may be blocking the growth of the native heap
# Possible solutions:
#   Reduce memory load on the system
#   Increase physical memory or swap space
#   Check if swap backing store is full
#   Decrease Java heap size (-Xmx/-Xms)
#   Decrease number of Java threads
#   Decrease Java thread stack sizes (-Xss)
#   Set larger code cache with -XX:ReservedCodeCacheSize=
#   JVM is running with Unscaled Compressed Oops mode in which the Java heap is
#     placed in the first 4GB address space. The Java Heap base address is the
#     maximum limit for the native heap growth. Please use -XX:HeapBaseMinAddress
#     to set the Java Heap base and to place the Java Heap above 4GB virtual address.
# This output file may be truncated or incomplete.
#
#  Out of Memory Error (allocation.cpp:389), pid=6596, tid=0x0000000000003a24
#
# JRE version: OpenJDK Runtime Environment (8.0_202-b03) (build 1.8.0_202-release-1483-b03)
# Java VM: OpenJDK 64-Bit Server VM (25.202-b03 mixed mode windows-amd64 compressed oops)
# Failed to write core dump. Minidumps are not enabled by default on client versions of Windows
#

---------------  T H R E A D  ---------------

Current thread (0x0000000018a3e000):  JavaThread "C2 CompilerThread1" daemon [_thread_in_native, id=14884, stack(0x000000001a1b0000,0x000000001a2b0000)]

Stack: [0x000000001a1b0000,0x000000001a2b0000]
[error occurred during error reporting (printing stack bounds), id 0xc0000005]

Native frames: (J=compiled Java code, j=interpreted, Vv=VM code, C=native code)


Current CompileTask:
C2:3035039 19448       4       org.objectweb.asm.ClassReader::readCode (5089 bytes)


---------------  P R O C E S S  ---------------

Java Threads: ( => current thread )
  0x000000001a62f000 JavaThread "RMI TCP Connection(2)-127.0.0.1" daemon [_thread_in_native, id=7836, stack(0x0000000033870000,0x0000000033970000)]
  0x000000001a62d000 JavaThread "RMI Reaper" [_thread_blocked, id=10988, stack(0x0000000033770000,0x0000000033870000)]
  0x000000001a62e800 JavaThread "RMI TCP Accept-0" daemon [_thread_in_native, id=14040, stack(0x0000000033670000,0x0000000033770000)]
  0x000000001a62a800 JavaThread "RMI RenewClean-[127.0.0.1:17224,org.jetbrains.kotlin.daemon.common.LoopbackNetworkInterface$ClientLoopbackSocketFactory@28230bf2]" daemon [_thread_blocked, id=7928, stack(0x0000000033570000,0x0000000033670000)]
  0x000000001a630000 JavaThread "GC Daemon" daemon [_thread_blocked, id=12492, stack(0x0000000033470000,0x0000000033570000)]
  0x000000001a622800 JavaThread "RMI RenewClean-[127.0.0.1:17260,org.jetbrains.kotlin.daemon.common.LoopbackNetworkInterface$ClientLoopbackSocketFactory@7b9f59f6]" daemon [_thread_blocked, id=13680, stack(0x0000000033370000,0x0000000033470000)]
  0x000000001a623000 JavaThread "RMI Scheduler(0)" daemon [_thread_blocked, id=11560, stack(0x0000000033270000,0x0000000033370000)]
  0x000000001a627000 JavaThread "stdout" [_thread_in_native, id=13996, stack(0x0000000032f70000,0x0000000033070000)]
  0x000000001a629000 JavaThread "stderr" [_thread_in_native, id=2720, stack(0x0000000032e70000,0x0000000032f70000)]
  0x000000001a628800 JavaThread "stdout" [_thread_in_native, id=5956, stack(0x0000000032d70000,0x0000000032e70000)]
  0x000000001a626000 JavaThread "stderr" [_thread_in_native, id=11936, stack(0x0000000032c70000,0x0000000032d70000)]
  0x000000001efe9000 JavaThread "stdout" [_thread_in_native, id=14556, stack(0x0000000032b70000,0x0000000032c70000)]
  0x000000001efe6000 JavaThread "stderr" [_thread_in_native, id=12312, stack(0x0000000032a70000,0x0000000032b70000)]
  0x000000001efea000 JavaThread "stdout" [_thread_in_native, id=12456, stack(0x0000000032970000,0x0000000032a70000)]
  0x000000001efe5800 JavaThread "stderr" [_thread_in_native, id=656, stack(0x0000000032870000,0x0000000032970000)]
  0x000000001efe8800 JavaThread "pool-12-thread-1" [_thread_blocked, id=14440, stack(0x0000000032770000,0x0000000032870000)]
  0x000000001efdd800 JavaThread "WorkerExecutor Queue Thread 4" [_thread_blocked, id=3612, stack(0x0000000032670000,0x0000000032770000)]
  0x000000001efe4800 JavaThread "WorkerExecutor Queue Thread 3" [_thread_blocked, id=13880, stack(0x0000000032570000,0x0000000032670000)]
  0x000000001efe4000 JavaThread "WorkerExecutor Queue Thread 2" [_thread_blocked, id=11536, stack(0x0000000032470000,0x0000000032570000)]
  0x000000001efe0000 JavaThread "WorkerExecutor Queue" [_thread_blocked, id=8540, stack(0x0000000032370000,0x0000000032470000)]
  0x000000001efdb800 JavaThread "Cache worker for execution history cache (C:\Users\HP\Desktop\AboutMe\.gradle\5.4.1\executionHistory)" [_thread_blocked, id=224, stack(0x0000000032270000,0x0000000032370000)]
  0x000000001efe1000 JavaThread "Execution worker for ':' Thread 3" [_thread_blocked, id=5596, stack(0x0000000032170000,0x0000000032270000)]
  0x000000001efe2800 JavaThread "Execution worker for ':' Thread 2" [_thread_in_Java, id=5224, stack(0x0000000032070000,0x0000000032170000)]
  0x0000000029857000 JavaThread "Execution worker for ':'" [_thread_blocked, id=7192, stack(0x0000000031f70000,0x0000000032070000)]
  0x000000002985b800 JavaThread "Cache worker for file content cache (C:\Users\HP\Desktop\AboutMe\.gradle\5.4.1\fileContent)" [_thread_blocked, id=9744, stack(0x0000000031e70000,0x0000000031f70000)]
  0x0000000029860000 JavaThread "Cache worker for Build Output Cleanup Cache (C:\Users\HP\Desktop\AboutMe\.gradle\buildOutputCleanup)" [_thread_blocked, id=7004, stack(0x0000000031d70000,0x0000000031e70000)]
  0x0000000029861000 JavaThread "pool-11-thread-1" [_thread_blocked, id=12460, stack(0x0000000031c70000,0x0000000031d70000)]
  0x000000002985c800 JavaThread "Build operations Thread 4" [_thread_blocked, id=9196, stack(0x0000000031b70000,0x0000000031c70000)]
  0x000000002985f800 JavaThread "Build operations Thread 3" [_thread_blocked, id=3776, stack(0x0000000031a70000,0x0000000031b70000)]
  0x000000002985e800 JavaThread "Build operations Thread 2" [_thread_blocked, id=6152, stack(0x0000000031970000,0x0000000031a70000)]
  0x000000002985e000 JavaThread "Build operations" [_thread_blocked, id=9096, stack(0x0000000031870000,0x0000000031970000)]
  0x0000000029862800 JavaThread "Cache worker for cache directory md-rule (C:\Users\HP\.gradle\caches\5.4.1\md-rule)" [_thread_blocked, id=5544, stack(0x0000000031770000,0x0000000031870000)]
  0x0000000029854000 JavaThread "Cache worker for cache directory md-supplier (C:\Users\HP\.gradle\caches\5.4.1\md-supplier)" [_thread_blocked, id=9584, stack(0x0000000031670000,0x0000000031770000)]
  0x0000000029855800 JavaThread "Cache worker for file hash cache (C:\Users\HP\Desktop\AboutMe\.gradle\5.4.1\fileHashes)" [_thread_blocked, id=5772, stack(0x0000000031570000,0x0000000031670000)]
  0x0000000029856800 JavaThread "Thread-127" [_thread_blocked, id=14064, stack(0x0000000031470000,0x0000000031570000)]
  0x0000000029855000 JavaThread "Asynchronous log dispatcher for DefaultDaemonConnection: socket connection from /127.0.0.1:64585 to /127.0.0.1:1065" [_thread_blocked, id=4076, stack(0x0000000031270000,0x0000000031370000)]
  0x000000002985b000 JavaThread "Cancel handler" [_thread_blocked, id=7248, stack(0x0000000031170000,0x0000000031270000)]
  0x0000000029858800 JavaThread "Handler for socket connection from /127.0.0.1:64585 to /127.0.0.1:1065" [_thread_in_native, id=10476, stack(0x0000000031070000,0x0000000031170000)]
  0x000000001efdf800 JavaThread "Daemon worker Thread 3" [_thread_blocked, id=8160, stack(0x000000002e270000,0x000000002e370000)]
  0x000000001efda800 JavaThread "Daemon Thread 3" [_thread_blocked, id=11132, stack(0x000000002df70000,0x000000002e070000)]
  0x000000001efde800 JavaThread "MarlinRenderer Disposer" daemon [_thread_blocked, id=9028, stack(0x000000002d170000,0x000000002d270000)]
  0x000000001bd41000 JavaThread "Java2D Disposer" daemon [_thread_blocked, id=11072, stack(0x000000002d070000,0x000000002d170000)]
  0x000000002985d000 JavaThread "Cache worker for file content cache (C:\Users\HP\.gradle\caches\5.4.1\fileContent)" [_thread_blocked, id=8952, stack(0x000000002c270000,0x000000002c370000)]
  0x000000001a62a000 JavaThread "Memory manager" [_thread_blocked, id=13768, stack(0x0000000026330000,0x0000000026430000)]
  0x000000001a624800 JavaThread "Cache worker for execution history cache (C:\Users\HP\.gradle\caches\5.4.1\executionHistory)" [_thread_blocked, id=8984, stack(0x0000000021b60000,0x0000000021c60000)]
  0x000000001bd47800 JavaThread "Cache worker for journal cache (C:\Users\HP\.gradle\caches\journal-1)" [_thread_blocked, id=4048, stack(0x000000001dba0000,0x000000001dca0000)]
  0x000000001bd47000 JavaThread "File lock request listener" [_thread_in_native, id=5140, stack(0x000000001d7a0000,0x000000001d8a0000)]
  0x000000001bd46000 JavaThread "Cache worker for file hash cache (C:\Users\HP\.gradle\caches\5.4.1\fileHashes)" [_thread_blocked, id=9980, stack(0x000000001d6a0000,0x000000001d7a0000)]
  0x000000001bc27000 JavaThread "Daemon periodic checks" [_thread_blocked, id=14292, stack(0x000000001cca0000,0x000000001cda0000)]
  0x000000001bc0a800 JavaThread "Incoming local TCP Connector on port 64585" [_thread_in_native, id=8312, stack(0x000000001c7c0000,0x000000001c8c0000)]
  0x000000001b970800 JavaThread "Daemon health stats" [_thread_blocked, id=13064, stack(0x000000001c180000,0x000000001c280000)]
  0x000000001a3e0800 JavaThread "Service Thread" daemon [_thread_blocked, id=9684, stack(0x000000001a7b0000,0x000000001a8b0000)]
  0x0000000018a43000 JavaThread "C1 CompilerThread2" daemon [_thread_blocked, id=13092, stack(0x000000001a2b0000,0x000000001a3b0000)]
=>0x0000000018a3e000 JavaThread "C2 CompilerThread1" daemon [_thread_in_native, id=14884, stack(0x000000001a1b0000,0x000000001a2b0000)]
  0x0000000018a3a000 JavaThread "C2 CompilerThread0" daemon [_thread_in_native, id=7444, stack(0x000000001a0b0000,0x000000001a1b0000)]
  0x0000000018a46000 JavaThread "Attach Listener" daemon [_thread_blocked, id=10600, stack(0x0000000019fb0000,0x000000001a0b0000)]
  0x0000000018a44800 JavaThread "Signal Dispatcher" daemon [_thread_blocked, id=8668, stack(0x0000000019eb0000,0x0000000019fb0000)]
  0x0000000004fca800 JavaThread "Finalizer" daemon [_thread_blocked, id=10592, stack(0x0000000019cb0000,0x0000000019db0000)]
  0x0000000018a29000 JavaThread "Reference Handler" daemon [_thread_blocked, id=13272, stack(0x0000000019bb0000,0x0000000019cb0000)]
  0x00000000050cd800 JavaThread "main" [_thread_blocked, id=14668, stack(0x0000000004d20000,0x0000000004e20000)]

Other Threads:
  0x0000000018a06000 VMThread [stack: 0x0000000019ab0000,0x0000000019bb0000] [id=6548]
  0x000000001a3e1800 WatcherThread [stack: 0x000000001a8b0000,0x000000001a9b0000] [id=11880]

VM state:not at safepoint (normal execution)

VM Mutex/Monitor currently owned by a thread: None

heap address: 0x00000000a0000000, size: 1536 MB, Compressed Oops mode: 32-bit
Narrow klass base: 0x0000000000000000, Narrow klass shift: 3
Compressed class space size: 1073741824 Address: 0x0000000100000000

Heap:
 PSYoungGen      total 333824K, used 260324K [0x00000000e0000000, 0x00000000f7000000, 0x0000000100000000)
  eden space 297984K, 79% used [0x00000000e0000000,0x00000000ee713ad0,0x00000000f2300000)
  from space 35840K, 66% used [0x00000000f4d00000,0x00000000f6425778,0x00000000f7000000)
  to   space 39424K, 0% used [0x00000000f2300000,0x00000000f2300000,0x00000000f4980000)
 ParOldGen       total 124416K, used 59420K [0x00000000a0000000, 0x00000000a7980000, 0x00000000e0000000)
  object space 124416K, 47% used [0x00000000a0000000,0x00000000a3a073c8,0x00000000a7980000)
 Metaspace       used 95302K, capacity 100152K, committed 100392K, reserved 1136640K
  class space    used 12100K, capacity 13004K, committed 13096K, reserved 1048576K

Card table byte_map: [0x0000000014490000,0x00000000147a0000] byte_map_base: 0x0000000013f90000

Marking Bits: (ParMarkBitMap*) 0x00000000697f9f30
 Begin Bits: [0x0000000014da0000, 0x00000000165a0000)
 End Bits:   [0x00000000165a0000, 0x0000000017da0000)

Polling page: 0x00000000034d0000

CodeCache: size=245760Kb used=54082Kb max_used=54082Kb free=191677Kb
 bounds [0x00000000050d0000, 0x0000000008620000, 0x00000000140d0000]
 total_blobs=16390 nmethods=15371 adapters=932
 compilation: enabled

Compilation events (10 events):
Event: 3033.730 Thread 0x0000000018a43000 19593       3       org.gradle.api.internal.tasks.compile.FieldMember::compareTo (9 bytes)
Event: 3033.731 Thread 0x0000000018a43000 nmethod 19593 0x0000000007ee6b50 code [0x0000000007ee6d00, 0x0000000007ee71e8]
Event: 3033.754 Thread 0x0000000018a43000 19596       3       org.gradle.api.internal.tasks.compile.ApiMemberSelector::visitAnnotationMembers (55 bytes)
Event: 3033.755 Thread 0x0000000018a43000 nmethod 19596 0x0000000007ee5f50 code [0x0000000007ee6120, 0x0000000007ee68a8]
Event: 3033.756 Thread 0x0000000018a43000 19597       3       org.objectweb.asm.FieldVisitor::visitEnd (15 bytes)
Event: 3033.756 Thread 0x0000000018a43000 nmethod 19597 0x0000000008075410 code [0x0000000008075580, 0x00000000080757e8]
Event: 3033.765 Thread 0x0000000018a43000 19599       3       org.gradle.api.internal.tasks.compile.ApiMemberSelector::visitAnnotationMembers (54 bytes)
Event: 3033.766 Thread 0x0000000018a43000 nmethod 19599 0x0000000007ee5390 code [0x0000000007ee5560, 0x0000000007ee5ce8]
Event: 3033.822 Thread 0x0000000018a43000 19602       2       org.objectweb.asm.MethodVisitor::visitIincInsn (17 bytes)
Event: 3033.822 Thread 0x0000000018a43000 nmethod 19602 0x0000000005bc0790 code [0x0000000005bc0900, 0x0000000005bc0a88]

GC Heap History (10 events):
Event: 2900.759 GC heap before
{Heap before GC invocations=30 (full 3):
 PSYoungGen      total 283648K, used 275116K [0x00000000e0000000, 0x00000000f4b00000, 0x0000000100000000)
  eden space 250880K, 100% used [0x00000000e0000000,0x00000000ef500000,0x00000000ef500000)
  from space 32768K, 73% used [0x00000000f2b00000,0x00000000f42ab388,0x00000000f4b00000)
  to   space 44032K, 0% used [0x00000000ef500000,0x00000000ef500000,0x00000000f2000000)
 ParOldGen       total 87552K, used 66653K [0x00000000a0000000, 0x00000000a5580000, 0x00000000e0000000)
  object space 87552K, 76% used [0x00000000a0000000,0x00000000a4117770,0x00000000a5580000)
 Metaspace       used 93294K, capacity 98022K, committed 98328K, reserved 1134592K
  class space    used 11904K, capacity 12755K, committed 12824K, reserved 1048576K
Event: 2900.822 GC heap after
Heap after GC invocations=30 (full 3):
 PSYoungGen      total 259584K, used 18924K [0x00000000e0000000, 0x00000000f3c00000, 0x0000000100000000)
  eden space 240640K, 0% used [0x00000000e0000000,0x00000000e0000000,0x00000000eeb00000)
  from space 18944K, 99% used [0x00000000ef500000,0x00000000f077b120,0x00000000f0780000)
  to   space 41472K, 0% used [0x00000000f1380000,0x00000000f1380000,0x00000000f3c00000)
 ParOldGen       total 87552K, used 66661K [0x00000000a0000000, 0x00000000a5580000, 0x00000000e0000000)
  object space 87552K, 76% used [0x00000000a0000000,0x00000000a4119770,0x00000000a5580000)
 Metaspace       used 93294K, capacity 98022K, committed 98328K, reserved 1134592K
  class space    used 11904K, capacity 12755K, committed 12824K, reserved 1048576K
}
Event: 2903.251 GC heap before
{Heap before GC invocations=31 (full 3):
 PSYoungGen      total 259584K, used 71125K [0x00000000e0000000, 0x00000000f3c00000, 0x0000000100000000)
  eden space 240640K, 21% used [0x00000000e0000000,0x00000000e32fa680,0x00000000eeb00000)
  from space 18944K, 99% used [0x00000000ef500000,0x00000000f077b120,0x00000000f0780000)
  to   space 41472K, 0% used [0x00000000f1380000,0x00000000f1380000,0x00000000f3c00000)
 ParOldGen       total 87552K, used 66661K [0x00000000a0000000, 0x00000000a5580000, 0x00000000e0000000)
  object space 87552K, 76% used [0x00000000a0000000,0x00000000a4119770,0x00000000a5580000)
 Metaspace       used 93744K, capacity 98552K, committed 98600K, reserved 1134592K
  class space    used 11970K, capacity 12837K, committed 12840K, reserved 1048576K
Event: 2903.860 GC heap after
Heap after GC invocations=31 (full 3):
 PSYoungGen      total 284160K, used 19564K [0x00000000e0000000, 0x00000000f7100000, 0x0000000100000000)
  eden space 242688K, 0% used [0x00000000e0000000,0x00000000e0000000,0x00000000eed00000)
  from space 41472K, 47% used [0x00000000f1380000,0x00000000f269b0a0,0x00000000f3c00000)
  to   space 39424K, 0% used [0x00000000eed00000,0x00000000eed00000,0x00000000f1380000)
 ParOldGen       total 87552K, used 66669K [0x00000000a0000000, 0x00000000a5580000, 0x00000000e0000000)
  object space 87552K, 76% used [0x00000000a0000000,0x00000000a411b770,0x00000000a5580000)
 Metaspace       used 93744K, capacity 98552K, committed 98600K, reserved 1134592K
  class space    used 11970K, capacity 12837K, committed 12840K, reserved 1048576K
}
Event: 2903.861 GC heap before
{Heap before GC invocations=32 (full 4):
 PSYoungGen      total 284160K, used 19564K [0x00000000e0000000, 0x00000000f7100000, 0x0000000100000000)
  eden space 242688K, 0% used [0x00000000e0000000,0x00000000e0000000,0x00000000eed00000)
  from space 41472K, 47% used [0x00000000f1380000,0x00000000f269b0a0,0x00000000f3c00000)
  to   space 39424K, 0% used [0x00000000eed00000,0x00000000eed00000,0x00000000f1380000)
 ParOldGen       total 87552K, used 66669K [0x00000000a0000000, 0x00000000a5580000, 0x00000000e0000000)
  object space 87552K, 76% used [0x00000000a0000000,0x00000000a411b770,0x00000000a5580000)
 Metaspace       used 93744K, capacity 98552K, committed 98600K, reserved 1134592K
  class space    used 11970K, capacity 12837K, committed 12840K, reserved 1048576K
Event: 2910.064 GC heap after
Heap after GC invocations=32 (full 4):
 PSYoungGen      total 284160K, used 0K [0x00000000e0000000, 0x00000000f7100000, 0x0000000100000000)
  eden space 242688K, 0% used [0x00000000e0000000,0x00000000e0000000,0x00000000eed00000)
  from space 41472K, 0% used [0x00000000f1380000,0x00000000f1380000,0x00000000f3c00000)
  to   space 39424K, 0% used [0x00000000eed00000,0x00000000eed00000,0x00000000f1380000)
 ParOldGen       total 124416K, used 59404K [0x00000000a0000000, 0x00000000a7980000, 0x00000000e0000000)
  object space 124416K, 47% used [0x00000000a0000000,0x00000000a3a033c8,0x00000000a7980000)
 Metaspace       used 92552K, capacity 96390K, committed 98600K, reserved 1134592K
  class space    used 11754K, capacity 12474K, committed 12840K, reserved 1048576K
}
Event: 2926.896 GC heap before
{Heap before GC invocations=33 (full 4):
 PSYoungGen      total 284160K, used 242688K [0x00000000e0000000, 0x00000000f7100000, 0x0000000100000000)
  eden space 242688K, 100% used [0x00000000e0000000,0x00000000eed00000,0x00000000eed00000)
  from space 41472K, 0% used [0x00000000f1380000,0x00000000f1380000,0x00000000f3c00000)
  to   space 39424K, 0% used [0x00000000eed00000,0x00000000eed00000,0x00000000f1380000)
 ParOldGen       total 124416K, used 59404K [0x00000000a0000000, 0x00000000a7980000, 0x00000000e0000000)
  object space 124416K, 47% used [0x00000000a0000000,0x00000000a3a033c8,0x00000000a7980000)
 Metaspace       used 93673K, capacity 98104K, committed 98728K, reserved 1134592K
  class space    used 11903K, capacity 12738K, committed 12968K, reserved 1048576K
Event: 2926.982 GC heap after
Heap after GC invocations=33 (full 4):
 PSYoungGen      total 282112K, used 8200K [0x00000000e0000000, 0x00000000f7380000, 0x0000000100000000)
  eden space 242688K, 0% used [0x00000000e0000000,0x00000000e0000000,0x00000000eed00000)
  from space 39424K, 20% used [0x00000000eed00000,0x00000000ef502078,0x00000000f1380000)
  to   space 39424K, 0% used [0x00000000f4d00000,0x00000000f4d00000,0x00000000f7380000)
 ParOldGen       total 124416K, used 59412K [0x00000000a0000000, 0x00000000a7980000, 0x00000000e0000000)
  object space 124416K, 47% used [0x00000000a0000000,0x00000000a3a053c8,0x00000000a7980000)
 Metaspace       used 93673K, capacity 98104K, committed 98728K, reserved 1134592K
  class space    used 11903K, capacity 12738K, committed 12968K, reserved 1048576K
}
Event: 2950.075 GC heap before
{Heap before GC invocations=34 (full 4):
 PSYoungGen      total 282112K, used 250211K [0x00000000e0000000, 0x00000000f7380000, 0x0000000100000000)
  eden space 242688K, 99% used [0x00000000e0000000,0x00000000eec56db0,0x00000000eed00000)
  from space 39424K, 20% used [0x00000000eed00000,0x00000000ef502078,0x00000000f1380000)
  to   space 39424K, 0% used [0x00000000f4d00000,0x00000000f4d00000,0x00000000f7380000)
 ParOldGen       total 124416K, used 59412K [0x00000000a0000000, 0x00000000a7980000, 0x00000000e0000000)
  object space 124416K, 47% used [0x00000000a0000000,0x00000000a3a053c8,0x00000000a7980000)
 Metaspace       used 94187K, capacity 98822K, committed 98984K, reserved 1134592K
  class space    used 11953K, capacity 12833K, committed 12968K, reserved 1048576K
Event: 2950.141 GC heap after
Heap after GC invocations=34 (full 4):
 PSYoungGen      total 333824K, used 23701K [0x00000000e0000000, 0x00000000f7000000, 0x0000000100000000)
  eden space 297984K, 0% used [0x00000000e0000000,0x00000000e0000000,0x00000000f2300000)
  from space 35840K, 66% used [0x00000000f4d00000,0x00000000f6425778,0x00000000f7000000)
  to   space 39424K, 0% used [0x00000000f2300000,0x00000000f2300000,0x00000000f4980000)
 ParOldGen       total 124416K, used 59420K [0x00000000a0000000, 0x00000000a7980000, 0x00000000e0000000)
  object space 124416K, 47% used [0x00000000a0000000,0x00000000a3a073c8,0x00000000a7980000)
 Metaspace       used 94187K, capacity 98822K, committed 98984K, reserved 1134592K
  class space    used 11953K, capacity 12833K, committed 12968K, reserved 1048576K
}

Deoptimization events (10 events):
Event: 3032.703 Thread 0x000000001efe2800 Uncommon trap: reason=unstable_if action=reinterpret pc=0x00000000064fc74c method=org.gradle.api.internal.file.pattern.PatternMatcherFactory$PathMatcherBackedSpec.isSatisfiedBy(Lorg/gradle/api/file/RelativePath;)Z @ 11
Event: 3033.161 Thread 0x000000001efe2800 Uncommon trap: reason=unstable_if action=reinterpret pc=0x0000000006283c20 method=org.objectweb.asm.ClassReader.readUtf(II[C)Ljava/lang/String; @ 41
Event: 3033.234 Thread 0x000000001efe2800 Uncommon trap: reason=unstable_if action=reinterpret pc=0x000000000649588c method=org.objectweb.asm.MethodWriter.visitLabel(Lorg/objectweb/asm/Label;)V @ 238
Event: 3033.235 Thread 0x000000001efe2800 Uncommon trap: reason=unstable_if action=reinterpret pc=0x00000000059e6200 method=org.objectweb.asm.ClassReader.readUtf(II[C)Ljava/lang/String; @ 41
Event: 3033.277 Thread 0x000000001efe2800 Uncommon trap: reason=unstable_if action=reinterpret pc=0x00000000065e8c38 method=org.objectweb.asm.MethodWriter.visitInsn(I)V @ 32
Event: 3033.277 Thread 0x000000001efe2800 Uncommon trap: reason=unstable_if action=reinterpret pc=0x000000000661764c method=org.objectweb.asm.MethodWriter.visitMethodInsn(ILjava/lang/String;Ljava/lang/String;Ljava/lang/String;Z)V @ 89
Event: 3033.278 Thread 0x000000001efe2800 Uncommon trap: reason=unstable_if action=reinterpret pc=0x0000000006b42f5c method=org.objectweb.asm.MethodWriter.visitMaxs(II)V @ 20
Event: 3033.430 Thread 0x000000001efe2800 Uncommon trap: reason=unstable_if action=reinterpret pc=0x0000000008023d98 method=org.objectweb.asm.ClassReader.readUtf(II[C)Ljava/lang/String; @ 69
Event: 3033.448 Thread 0x000000001efe2800 Uncommon trap: reason=unstable_if action=reinterpret pc=0x0000000006b06d04 method=org.objectweb.asm.Type.getArgumentsAndReturnSizes(Ljava/lang/String;)I @ 115
Event: 3033.448 Thread 0x000000001efe2800 Uncommon trap: reason=unstable_if action=reinterpret pc=0x00000000067e23fc method=org.objectweb.asm.Type.getArgumentsAndReturnSizes(Ljava/lang/String;)I @ 115

Classes redefined (0 events):
No events

Internal exceptions (10 events):
Event: 3009.489 Thread 0x000000001efe2800 Exception <a 'java/lang/NoSuchMethodError': <clinit>> (0x00000000eb7982b8) thrown at [D:\src\AOSP-openjdk-cygwin\jdk8u\hotspot\src\share\vm\prims\jni.cpp, line 1614]
Event: 3009.492 Thread 0x000000001efe2800 Exception <a 'java/lang/NoSuchMethodError': <clinit>> (0x00000000eb7a6338) thrown at [D:\src\AOSP-openjdk-cygwin\jdk8u\hotspot\src\share\vm\prims\jni.cpp, line 1614]
Event: 3009.497 Thread 0x000000001efe2800 Exception <a 'java/lang/NoSuchMethodError': <clinit>> (0x00000000eb7b9780) thrown at [D:\src\AOSP-openjdk-cygwin\jdk8u\hotspot\src\share\vm\prims\jni.cpp, line 1614]
Event: 3009.550 Thread 0x000000001a62a800 Exception <a 'java/lang/InterruptedException'> (0x00000000eb9d3090) thrown at [D:\src\AOSP-openjdk-cygwin\jdk8u\hotspot\src\share\vm\runtime\objectMonitor.cpp, line 1680]
Event: 3009.658 Thread 0x000000001efe2800 Exception <a 'java/lang/NoSuchMethodError': <clinit>> (0x00000000eb8badc8) thrown at [D:\src\AOSP-openjdk-cygwin\jdk8u\hotspot\src\share\vm\prims\jni.cpp, line 1614]
Event: 3010.277 Thread 0x000000001efe2800 Exception <a 'java/lang/NoSuchMethodError': <clinit>> (0x00000000eb9bdf98) thrown at [D:\src\AOSP-openjdk-cygwin\jdk8u\hotspot\src\share\vm\prims\jni.cpp, line 1614]
Event: 3010.506 Thread 0x000000001efe2800 Exception <a 'java/lang/NoSuchMethodError': <clinit>> (0x00000000ebac6c08) thrown at [D:\src\AOSP-openjdk-cygwin\jdk8u\hotspot\src\share\vm\prims\jni.cpp, line 1614]
Event: 3032.545 Thread 0x000000001efe2800 Exception <a 'java/lang/NoSuchMethodError': <clinit>> (0x00000000ebdd22b8) thrown at [D:\src\AOSP-openjdk-cygwin\jdk8u\hotspot\src\share\vm\prims\jni.cpp, line 1614]
Event: 3032.563 Thread 0x000000001efe2800 Exception <a 'java/lang/NoSuchMethodError': <clinit>> (0x00000000ebde4b40) thrown at [D:\src\AOSP-openjdk-cygwin\jdk8u\hotspot\src\share\vm\prims\jni.cpp, line 1614]
Event: 3032.684 Thread 0x000000001efe0000 Exception <a 'sun/nio/fs/WindowsException'> (0x00000000ec059cf0) thrown at [D:\src\AOSP-openjdk-cygwin\jdk8u\hotspot\src\share\vm\prims\jni.cpp, line 710]

Events (10 events):
Event: 3033.430 Thread 0x000000001efe2800 DEOPT PACKING pc=0x0000000008023d98 sp=0x000000003216c6d0
Event: 3033.430 Thread 0x000000001efe2800 DEOPT UNPACKING pc=0x000000000511557b sp=0x000000003216c668 mode 2
Event: 3033.448 Thread 0x000000001efe2800 Uncommon trap: trap_request=0xffffff65 fr.pc=0x0000000006b06d04
Event: 3033.448 Thread 0x000000001efe2800 DEOPT PACKING pc=0x0000000006b06d04 sp=0x000000003216cce0
Event: 3033.448 Thread 0x000000001efe2800 DEOPT UNPACKING pc=0x000000000511557b sp=0x000000003216cbb0 mode 2
Event: 3033.448 Thread 0x000000001efe2800 Uncommon trap: trap_request=0xffffff65 fr.pc=0x00000000067e23fc
Event: 3033.448 Thread 0x000000001efe2800 DEOPT PACKING pc=0x00000000067e23fc sp=0x000000003216cbc0
Event: 3033.448 Thread 0x000000001efe2800 DEOPT UNPACKING pc=0x000000000511557b sp=0x000000003216cb48 mode 2
Event: 3033.544 loading class org/gradle/api/internal/tasks/compile/AnnotationAnnotationValue
Event: 3033.544 loading class org/gradle/api/internal/tasks/compile/AnnotationAnnotationValue done


Dynamic libraries:
0x00007ff6fbcb0000 - 0x00007ff6fbce1000 	C:\Program Files\Android\Android Studio\jre\bin\java.exe
0x00007fffcbd00000 - 0x00007fffcbee0000 	C:\WINDOWS\SYSTEM32\ntdll.dll
0x00007fffc9470000 - 0x00007fffc951e000 	C:\WINDOWS\System32\KERNEL32.DLL
0x00007fffc8380000 - 0x00007fffc85e6000 	C:\WINDOWS\System32\KERNELBASE.dll
0x00007fffc9610000 - 0x00007fffc96b1000 	C:\WINDOWS\System32\ADVAPI32.dll
0x00007fffca110000 - 0x00007fffca1ad000 	C:\WINDOWS\System32\msvcrt.dll
0x00007fffc9cd0000 - 0x00007fffc9d2b000 	C:\WINDOWS\System32\sechost.dll
0x00007fffcb970000 - 0x00007fffcba8f000 	C:\WINDOWS\System32\RPCRT4.dll
0x00007fffcbb40000 - 0x00007fffcbccf000 	C:\WINDOWS\System32\USER32.dll
0x00007fffc8dc0000 - 0x00007fffc8de0000 	C:\WINDOWS\System32\win32u.dll
0x00007fffc9330000 - 0x00007fffc9358000 	C:\WINDOWS\System32\GDI32.dll
0x00007fffc8e30000 - 0x00007fffc8fc3000 	C:\WINDOWS\System32\gdi32full.dll
0x00007fffc90d0000 - 0x00007fffc916b000 	C:\WINDOWS\System32\msvcp_win.dll
0x00007fffc8fd0000 - 0x00007fffc90c6000 	C:\WINDOWS\System32\ucrtbase.dll
0x00007fffb9e30000 - 0x00007fffba099000 	C:\WINDOWS\WinSxS\amd64_microsoft.windows.common-controls_6595b64144ccf1df_6.0.16299.125_none_15cbcf8893620c09\COMCTL32.dll
0x00007fffc9d30000 - 0x00007fffca038000 	C:\WINDOWS\System32\combase.dll
0x00007fffc8d40000 - 0x00007fffc8db2000 	C:\WINDOWS\System32\bcryptPrimitives.dll
0x00007fffcba90000 - 0x00007fffcbabd000 	C:\WINDOWS\System32\IMM32.DLL
0x0000000068f50000 - 0x0000000069022000 	C:\Program Files\Android\Android Studio\jre\jre\bin\msvcr100.dll
0x0000000069030000 - 0x0000000069876000 	C:\Program Files\Android\Android Studio\jre\jre\bin\server\jvm.dll
0x00007fffc91d0000 - 0x00007fffc91d8000 	C:\WINDOWS\System32\PSAPI.DLL
0x00007fffbda70000 - 0x00007fffbda7a000 	C:\WINDOWS\SYSTEM32\VERSION.dll
0x00007fffc3640000 - 0x00007fffc3649000 	C:\WINDOWS\SYSTEM32\WSOCK32.dll
0x00007fffc45c0000 - 0x00007fffc45e3000 	C:\WINDOWS\SYSTEM32\WINMM.dll
0x00007fffc4590000 - 0x00007fffc45ba000 	C:\WINDOWS\SYSTEM32\WINMMBASE.dll
0x00007fffc8de0000 - 0x00007fffc8e2a000 	C:\WINDOWS\System32\cfgmgr32.dll
0x00007fffc95a0000 - 0x00007fffc960c000 	C:\WINDOWS\System32\WS2_32.dll
0x00007fffc2370000 - 0x00007fffc237f000 	C:\Program Files\Android\Android Studio\jre\jre\bin\verify.dll
0x00007fffb9790000 - 0x00007fffb97b9000 	C:\Program Files\Android\Android Studio\jre\jre\bin\java.dll
0x00007fffba540000 - 0x00007fffba556000 	C:\Program Files\Android\Android Studio\jre\jre\bin\zip.dll
0x00007fffca530000 - 0x00007fffcb966000 	C:\WINDOWS\System32\SHELL32.dll
0x00007fffc97d0000 - 0x00007fffc9876000 	C:\WINDOWS\System32\shcore.dll
0x00007fffc85f0000 - 0x00007fffc8d37000 	C:\WINDOWS\System32\windows.storage.dll
0x00007fffca360000 - 0x00007fffca3b1000 	C:\WINDOWS\System32\shlwapi.dll
0x00007fffc80e0000 - 0x00007fffc80f1000 	C:\WINDOWS\System32\kernel.appcore.dll
0x00007fffc8050000 - 0x00007fffc809c000 	C:\WINDOWS\System32\powrprof.dll
0x00007fffc80c0000 - 0x00007fffc80db000 	C:\WINDOWS\System32\profapi.dll
0x00007fffb8280000 - 0x00007fffb829a000 	C:\Program Files\Android\Android Studio\jre\jre\bin\net.dll
0x00007fffc78e0000 - 0x00007fffc7946000 	C:\WINDOWS\system32\mswsock.dll
0x00007fffb7840000 - 0x00007fffb7851000 	C:\Program Files\Android\Android Studio\jre\jre\bin\nio.dll
0x00007fffb35d0000 - 0x00007fffb35f6000 	C:\Users\HP\.gradle\native\29\windows-amd64\native-platform.dll
0x00007fffbba30000 - 0x00007fffbba3d000 	C:\Program Files\Android\Android Studio\jre\jre\bin\management.dll
0x00007fffc7aa0000 - 0x00007fffc7ab7000 	C:\WINDOWS\SYSTEM32\CRYPTSP.dll
0x00007fffc74f0000 - 0x00007fffc7523000 	C:\WINDOWS\system32\rsaenh.dll
0x00007fffc7bb0000 - 0x00007fffc7bd5000 	C:\WINDOWS\SYSTEM32\bcrypt.dll
0x00007fffc7f80000 - 0x00007fffc7fa9000 	C:\WINDOWS\SYSTEM32\USERENV.dll
0x00007fffc7ac0000 - 0x00007fffc7acb000 	C:\WINDOWS\SYSTEM32\CRYPTBASE.dll
0x00007fffc7670000 - 0x00007fffc76a9000 	C:\WINDOWS\SYSTEM32\IPHLPAPI.DLL
0x00007fffca350000 - 0x00007fffca358000 	C:\WINDOWS\System32\NSI.dll
0x00007fffc1f30000 - 0x00007fffc1f46000 	C:\WINDOWS\SYSTEM32\dhcpcsvc6.DLL
0x00007fffc1f10000 - 0x00007fffc1f2a000 	C:\WINDOWS\SYSTEM32\dhcpcsvc.DLL
0x00007fffc46a0000 - 0x00007fffc46c4000 	C:\Program Files\Android\Android Studio\jre\jre\bin\sunec.dll
0x00007fffc76b0000 - 0x00007fffc7766000 	C:\WINDOWS\SYSTEM32\DNSAPI.dll
0x00007fffbe900000 - 0x00007fffbe90a000 	C:\Windows\System32\rasadhlp.dll
0x00007fffc0310000 - 0x00007fffc0380000 	C:\WINDOWS\System32\fwpuclnt.dll
0x00007fffc4fe0000 - 0x00007fffc4feb000 	C:\Program Files\Android\Android Studio\jre\jre\bin\sunmscapi.dll
0x00007fffc8100000 - 0x00007fffc82ce000 	C:\WINDOWS\System32\CRYPT32.dll
0x00007fffc80a0000 - 0x00007fffc80b2000 	C:\WINDOWS\System32\MSASN1.dll
0x00007fffab090000 - 0x00007fffab22c000 	C:\Program Files\Android\Android Studio\jre\jre\bin\awt.dll
0x00007fffca040000 - 0x00007fffca105000 	C:\WINDOWS\System32\OLEAUT32.dll
0x00007fffc6830000 - 0x00007fffc685a000 	C:\WINDOWS\SYSTEM32\dwmapi.dll
0x00007fffc5950000 - 0x00007fffc5f08000 	C:\WINDOWS\SYSTEM32\d2d1.dll
0x00007fffc6440000 - 0x00007fffc64c8000 	C:\WINDOWS\SYSTEM32\apphelp.dll
0x00007fffc6520000 - 0x00007fffc65b5000 	C:\WINDOWS\system32\uxtheme.dll
0x00007fffb52f0000 - 0x00007fffb530e000 	C:\Users\HP\AppData\Local\Temp\native-platform22321420338590478dir\native-platform.dll

VM Arguments:
jvm_args: -Xmx1536m -Dfile.encoding=windows-1252 -Duser.country=US -Duser.language=en -Duser.variant 
java_command: org.gradle.launcher.daemon.bootstrap.GradleDaemon 5.4.1
java_class_path (initial): C:\Users\HP\.gradle\wrapper\dists\gradle-5.4.1-all\3221gyojl5jsh0helicew7rwx\gradle-5.4.1\lib\gradle-launcher-5.4.1.jar
Launcher Type: SUN_STANDARD

Environment Variables:
PATH=C:\Program Files (x86)\Common Files\Oracle\Java\javapath;C:\Program Files (x86)\Common Files\Intel\Shared Files\cpp\bin\Intel64;C:\ProgramData\Oracle\Java\javapath;C:\WINDOWS\system32;C:\WINDOWS;C:\WINDOWS\System32\Wbem;C:\WINDOWS\System32\WindowsPowerShell\v1.0\;C:\WINDOWS\system32\config\systemprofile\.dnx\bin;C:\Program Files\Microsoft DNX\Dnvm\;C:\Program Files\Microsoft SQL Server\120\Tools\Binn\;C:\Program Files\Java\jdk1.8.0_131\bin;C:\Program Files\Calibre2\;C:\Program Files\Git\cmd;C:\Users\HP\AppData\Local\Microsoft\WindowsApps;
USERNAME=HP
OS=Windows_NT
PROCESSOR_IDENTIFIER=Intel64 Family 6 Model 37 Stepping 5, GenuineIntel



---------------  S Y S T E M  ---------------

OS: Windows 10.0 , 64 bit Build 16299 (10.0.16299.15)

CPU:total 4 (initial active 4) (2 cores per cpu, 2 threads per core) family 6 model 37 stepping 5, cmov, cx8, fxsr, mmx, sse, sse2, sse3, ssse3, sse4.1, sse4.2, popcnt, aes, clmul, ht, tsc, tscinvbit

Memory: 4k page, physical 4052816k(322504k free), swap 7616324k(4756k free)

vm_info: OpenJDK 64-Bit Server VM (25.202-b03) for windows-amd64 JRE (1.8.0_202-release-1483-b03), built by "builder" with MS VC++ 10.0 (VS2010)

time: Fri Feb 26 16:00:17 2021
timezone: W. Central Africa Standard Time
elapsed time: 3033 seconds (0d 0h 50m 33s)

